item team_redobelisk has modelindex 0item team_blueobelisk has modelindex 0item team_neutralobelisk has modelindex 0item item_botroam has modelindex 0entity worldspawn unknown item
entity trigger_push unknown item
entity trigger_push unknown item
entity trigger_push unknown item
entity trigger_push unknown item
entity trigger_push unknown item
entity trigger_push unknown item
entity trigger_push unknown item
entity trigger_push unknown item
entity target_position unknown item
entity info_player_intermission unknown item
entity trigger_teleport unknown item
entity trigger_teleport unknown item
entity trigger_push unknown item
entity trigger_push unknown item
entity team_CTF_redspawn unknown item
entity team_CTF_redspawn unknown item
entity team_CTF_bluespawn unknown item
entity info_player_deathmatch unknown item
entity func_bobbing unknown item
entity light unknown item
item weapon_rocketlauncher reachable from jumppad area 2634
entity trigger_push unknown item
entity trigger_push unknown item
entity light unknown item
entity light unknown item
entity misc_model unknown item
entity misc_model unknown item
entity misc_model unknown item
entity light unknown item
entity light unknown item
entity target_give unknown item
entity team_CTF_redplayer unknown item
entity team_CTF_blueplayer unknown item
entity target_position unknown item
entity light unknown item
entity trigger_push unknown item
entity light unknown item
entity target_position unknown item
entity target_position unknown item
entity trigger_push unknown item
entity target_position unknown item
entity target_position unknown item
entity trigger_push unknown item
entity target_position unknown item
entity target_position unknown item
entity target_position unknown item
entity target_position unknown item
entity target_position unknown item
entity light unknown item
entity light unknown item
entity light unknown item
entity light unknown item
entity light unknown item
entity light unknown item
entity light unknown item
entity light unknown item
entity light unknown item
entity light unknown item
entity light unknown item
entity light unknown item
entity light unknown item
entity light unknown item
entity light unknown item
entity light unknown item
entity light unknown item
entity light unknown item
entity target_position unknown item
entity target_position unknown item
entity target_position unknown item
entity target_position unknown item
entity target_position unknown item
entity target_position unknown item
entity light unknown item
entity light unknown item
entity light unknown item
entity light unknown item
entity light unknown item
entity light unknown item
entity light unknown item
entity light unknown item
entity light unknown item
entity light unknown item
entity light unknown item
entity light unknown item
entity light unknown item
entity light unknown item
entity light unknown item
entity light unknown item
entity target_position unknown item
entity trigger_push unknown item
entity target_position unknown item
entity trigger_push unknown item
entity target_position unknown item
entity trigger_push unknown item
entity target_position unknown item
entity trigger_push unknown item
entity target_remove_powerups unknown item
entity trigger_multiple unknown item
entity trigger_multiple unknown item
entity trigger_hurt unknown item
entity target_speaker unknown item
entity team_CTF_blueplayer unknown item
entity team_CTF_blueplayer unknown item
entity team_CTF_blueplayer unknown item
entity team_CTF_blueplayer unknown item
entity team_CTF_blueplayer unknown item
entity team_CTF_redplayer unknown item
entity team_CTF_redplayer unknown item
entity team_CTF_redplayer unknown item
entity team_CTF_redplayer unknown item
entity team_CTF_redplayer unknown item
entity target_position unknown item
entity trigger_push unknown item
entity target_position unknown item
entity trigger_push unknown item
entity light unknown item
entity light unknown item
entity light unknown item
entity light unknown item
entity light unknown item
entity light unknown item
entity light unknown item
entity light unknown item
entity light unknown item
entity light unknown item
entity light unknown item
entity light unknown item
entity light unknown item
entity light unknown item
entity light unknown item
entity light unknown item
entity light unknown item
entity light unknown item
entity light unknown item
entity light unknown item
entity light unknown item
entity light unknown item
entity light unknown item
entity light unknown item
entity light unknown item
entity light unknown item
entity light unknown item
entity light unknown item
entity light unknown item
entity light unknown item
entity light unknown item
entity light unknown item
entity light unknown item
entity light unknown item
entity light unknown item
entity light unknown item
entity light unknown item
entity light unknown item
entity misc_model unknown item
entity misc_model unknown item
entity misc_model unknown item
entity light unknown item
entity light unknown item
entity light unknown item
entity light unknown item
entity light unknown item
entity light unknown item
entity light unknown item
entity light unknown item
entity light unknown item
entity light unknown item
entity light unknown item
entity light unknown item
item weapon_bfg reachable from jumppad area 0
entity light unknown item
entity info_player_deathmatch unknown item
entity info_player_deathmatch unknown item
entity info_player_deathmatch unknown item
entity info_player_deathmatch unknown item
entity info_player_deathmatch unknown item
entity info_player_deathmatch unknown item
entity info_player_deathmatch unknown item
entity info_player_deathmatch unknown item
entity info_player_deathmatch unknown item
entity team_CTF_bluespawn unknown item
entity team_CTF_bluespawn unknown item
entity team_CTF_bluespawn unknown item
entity team_CTF_bluespawn unknown item
entity team_CTF_redspawn unknown item
entity team_CTF_redspawn unknown item
entity team_CTF_redspawn unknown item
entity target_position unknown item
entity target_position unknown item
entity trigger_push unknown item
item info 7 "weapon_gauntlet" has no fuzzy weight
item info 16 "weapon_grapplinghook" has no fuzzy weight
item info 49 "team_redobelisk" has no fuzzy weight
item info 50 "team_blueobelisk" has no fuzzy weight
item info 51 "team_neutralobelisk" has no fuzzy weight
item info 7 "weapon_gauntlet" has no fuzzy weight
item info 16 "weapon_grapplinghook" has no fuzzy weight
item info 49 "team_redobelisk" has no fuzzy weight
item info 50 "team_blueobelisk" has no fuzzy weight
item info 51 "team_neutralobelisk" has no fuzzy weight
item info 7 "weapon_gauntlet" has no fuzzy weight
item info 16 "weapon_grapplinghook" has no fuzzy weight
item info 49 "team_redobelisk" has no fuzzy weight
item info 50 "team_blueobelisk" has no fuzzy weight
item info 51 "team_neutralobelisk" has no fuzzy weight
item info 7 "weapon_gauntlet" has no fuzzy weight
item info 16 "weapon_grapplinghook" has no fuzzy weight
item info 49 "team_redobelisk" has no fuzzy weight
item info 50 "team_blueobelisk" has no fuzzy weight
item info 51 "team_neutralobelisk" has no fuzzy weight
item info 7 "weapon_gauntlet" has no fuzzy weight
item info 16 "weapon_grapplinghook" has no fuzzy weight
item info 49 "team_redobelisk" has no fuzzy weight
item info 50 "team_blueobelisk" has no fuzzy weight
item info 51 "team_neutralobelisk" has no fuzzy weight
item info 7 "weapon_gauntlet" has no fuzzy weight
item info 16 "weapon_grapplinghook" has no fuzzy weight
item info 49 "team_redobelisk" has no fuzzy weight
item info 50 "team_blueobelisk" has no fuzzy weight
item info 51 "team_neutralobelisk" has no fuzzy weight
item info 7 "weapon_gauntlet" has no fuzzy weight
item info 16 "weapon_grapplinghook" has no fuzzy weight
item info 49 "team_redobelisk" has no fuzzy weight
item info 50 "team_blueobelisk" has no fuzzy weight
item info 51 "team_neutralobelisk" has no fuzzy weight
item info 7 "weapon_gauntlet" has no fuzzy weight
item info 16 "weapon_grapplinghook" has no fuzzy weight
item info 49 "team_redobelisk" has no fuzzy weight
item info 50 "team_blueobelisk" has no fuzzy weight
item info 51 "team_neutralobelisk" has no fuzzy weight
item info 7 "weapon_gauntlet" has no fuzzy weight
item info 16 "weapon_grapplinghook" has no fuzzy weight
item info 49 "team_redobelisk" has no fuzzy weight
item info 50 "team_blueobelisk" has no fuzzy weight
item info 51 "team_neutralobelisk" has no fuzzy weight
item info 7 "weapon_gauntlet" has no fuzzy weight
item info 16 "weapon_grapplinghook" has no fuzzy weight
item info 49 "team_redobelisk" has no fuzzy weight
item info 50 "team_blueobelisk" has no fuzzy weight
item info 51 "team_neutralobelisk" has no fuzzy weight
